[0.011s] Invoking command in '/home/foiegreis/ros2_sim_ws/build/ros2_sim_description': /usr/bin/cmake --build /home/foiegreis/ros2_sim_ws/build/ros2_sim_description -- -j12 -l12
[0.032s] -- Found ament_cmake: 2.0.5 (/opt/ros/iron/share/ament_cmake/cmake)
[0.217s] Error parsing '/home/foiegreis/ros2_sim_ws/src/ros2_sim_description/package.xml':
[0.257s] Traceback (most recent call last):
[0.257s]   File "/opt/ros/iron/share/ament_cmake_core/cmake/core/package_xml_2_cmake.py", line 150, in <module>
[0.257s]     main()
[0.257s]   File "/opt/ros/iron/share/ament_cmake_core/cmake/core/package_xml_2_cmake.py", line 53, in main
[0.258s]     raise e
[0.258s]   File "/opt/ros/iron/share/ament_cmake_core/cmake/core/package_xml_2_cmake.py", line 49, in main
[0.258s]     package = parse_package_string(
[0.258s]   File "/usr/lib/python3/dist-packages/catkin_pkg/package.py", line 788, in parse_package_string
[0.258s]     pkg.validate(warnings=warnings)
[0.258s]   File "/usr/lib/python3/dist-packages/catkin_pkg/package.py", line 330, in validate
[0.258s]     raise InvalidPackage('\n'.join(errors), self.filename)
[0.258s] catkin_pkg.package.InvalidPackage: Error(s) in package '/home/foiegreis/ros2_sim_ws/src/ros2_sim_description/package.xml':
[0.258s] The package "ros2_sim_description" must not "exec_depend" on a package with the same name as this package
[0.271s] [31mCMake Error at /opt/ros/iron/share/ament_cmake_core/cmake/core/ament_package_xml.cmake:95 (message):
[0.271s]   execute_process(/usr/bin/python3.10
[0.271s]   /opt/ros/iron/share/ament_cmake_core/cmake/core/package_xml_2_cmake.py
[0.271s]   /home/foiegreis/ros2_sim_ws/src/ros2_sim_description/package.xml
[0.271s]   /home/foiegreis/ros2_sim_ws/build/ros2_sim_description/ament_cmake_core/package.cmake)
[0.271s]   returned error code 1
[0.271s] Call Stack (most recent call first):
[0.272s]   /opt/ros/iron/share/ament_cmake_core/cmake/core/ament_package_xml.cmake:49 (_ament_package_xml)
[0.272s]   /opt/ros/iron/share/ament_cmake_core/cmake/core/ament_package.cmake:63 (ament_package_xml)
[0.272s]   CMakeLists.txt:16 (ament_package)
[0.272s] 
[0.272s] [0m
[0.272s] -- Configuring incomplete, errors occurred!
[0.272s] See also "/home/foiegreis/ros2_sim_ws/build/ros2_sim_description/CMakeFiles/CMakeOutput.log".
[0.274s] gmake: *** [Makefile:226: cmake_check_build_system] Error 1
[0.275s] Invoked command in '/home/foiegreis/ros2_sim_ws/build/ros2_sim_description' returned '2': /usr/bin/cmake --build /home/foiegreis/ros2_sim_ws/build/ros2_sim_description -- -j12 -l12
